<?xml version='1.0' encoding='UTF-8'?>
<testsuite hostname="MSK-C02D40ANML7H-2.local" name="todo.data.BijectionSuite" tests="7" errors="0" failures="0" skipped="0" time="0.197" timestamp="2022-05-16T20:41:43">
          <properties>
[...]
</properties>
          <testcase classname="todo.data.BijectionSuite" name="Task" time="0.175">
                      
                    </testcase><testcase classname="todo.data.BijectionSuite" name="Task-1" time="0.012">
                      
                    </testcase><testcase classname="todo.data.BijectionSuite" name="Tag" time="0.001">
                      
                    </testcase><testcase classname="todo.data.BijectionSuite" name="State:Active" time="0.0">
                      
                    </testcase><testcase classname="todo.data.BijectionSuite" name="State:Completed" time="0.001">
                      
                    </testcase><testcase classname="todo.data.BijectionSuite" name="Id" time="0.002">
                      
                    </testcase><testcase classname="todo.data.BijectionSuite" name="Tasks" time="0.006">
                      
                    </testcase>
          <system-out><![CDATA[]]></system-out>
          <system-err><![CDATA[]]></system-err>
        </testsuite>